! Adams View Adams 2020 (建立 Feb 25 2020)
! 图像:  OpenGL
! 输入命令'?'或 'help'。
model display model=.Tensegrity view=all
! >> model display model=.Tensegrity view=all
! 验证模型：.Tensegrity
! 
!   48 Gruebler 数 (近似自由度)
!   20 移动部件 (不包括地面)
!    6 Revolute Joints
!    7 Fixed Joints
! 
!   48 自由度关于 .Tensegrity
! 
! 无过约束方程。
! 
! 
! 模型验证正确 
! 错误:  PINPUT/0 is not defined in the data set. Command ignored.
! 警告:  Integrator HMAX could not be determined. Setting to HINIT.

!!!!!!!!!!!!!!!!!!!!!!!!!!!!!!!!!!!!!!!!!!!!!!!!!!!!!!!!!!!!!!!!!!!!!!!!!!!!!!!!!!!!!!!!!!
!  SELECT OBJECT
undo begin
default coordinate_system default_coordinate_system=.Tensegrity
undo end
!!!!!!!!!!!!!!!!!!!!!!!!!!!!!!!!!!!!!!!!!!!!!!!!!!!!!!!!!!!!!!!!!!!!!!!!!!!!!!!!!!!!!!!!!!


!!!!!!!!!!!!!!!!!!!!!!!!!!!!!!!!!!!!!!!!!!!!!!!!!!!!!!!!!!!!!!!!!!!!!!!!!!!!!!!!!!!!!!!!!!
!  SELECT OBJECT
undo begin
undo end
!!!!!!!!!!!!!!!!!!!!!!!!!!!!!!!!!!!!!!!!!!!!!!!!!!!!!!!!!!!!!!!!!!!!!!!!!!!!!!!!!!!!!!!!!!


!!!!!!!!!!!!!!!!!!!!!!!!!!!!!!!!!!!!!!!!!!!!!!!!!!!!!!!!!!!!!!!!!!!!!!!!!!!!!!!!!!!!!!!!!!
! MODIFY View Zoom
undo begin
view zoom view=.gui.main.front zoom=5.9480968858
undo end
!!!!!!!!!!!!!!!!!!!!!!!!!!!!!!!!!!!!!!!!!!!!!!!!!!!!!!!!!!!!!!!!!!!!!!!!!!!!!!!!!!!!!!!!!!


!!!!!!!!!!!!!!!!!!!!!!!!!!!!!!!!!!!!!!!!!!!!!!!!!!!!!!!!!!!!!!!!!!!!!!!!!!!!!!!!!!!!!!!!!!
! MODIFY View Rotate
undo begin
view rotate view=.gui.main.front screen=8.7664622502E-02, -0.1283242378, -8.6045772105E-03
undo end
!!!!!!!!!!!!!!!!!!!!!!!!!!!!!!!!!!!!!!!!!!!!!!!!!!!!!!!!!!!!!!!!!!!!!!!!!!!!!!!!!!!!!!!!!!


!!!!!!!!!!!!!!!!!!!!!!!!!!!!!!!!!!!!!!!!!!!!!!!!!!!!!!!!!!!!!!!!!!!!!!!!!!!!!!!!!!!!!!!!!!
! MODIFY View Zoom
undo begin
view zoom view=.gui.main.front zoom=3.3529411765
undo end
!!!!!!!!!!!!!!!!!!!!!!!!!!!!!!!!!!!!!!!!!!!!!!!!!!!!!!!!!!!!!!!!!!!!!!!!!!!!!!!!!!!!!!!!!!


!!!!!!!!!!!!!!!!!!!!!!!!!!!!!!!!!!!!!!!!!!!!!!!!!!!!!!!!!!!!!!!!!!!!!!!!!!!!!!!!!!!!!!!!!!
! MODIFY View Translate
undo begin
view center view=.gui.main.front object=-5.3693330481E-02, -0.1641090096, 1.3185790823E-02
undo end
!!!!!!!!!!!!!!!!!!!!!!!!!!!!!!!!!!!!!!!!!!!!!!!!!!!!!!!!!!!!!!!!!!!!!!!!!!!!!!!!!!!!!!!!!!


!!!!!!!!!!!!!!!!!!!!!!!!!!!!!!!!!!!!!!!!!!!!!!!!!!!!!!!!!!!!!!!!!!!!!!!!!!!!!!!!!!!!!!!!!!
! MODIFY View Rotate
undo begin
view rotate view=.gui.main.front screen=0.1286963329, -0.9003100299, -9.311882974E-02
undo end
!!!!!!!!!!!!!!!!!!!!!!!!!!!!!!!!!!!!!!!!!!!!!!!!!!!!!!!!!!!!!!!!!!!!!!!!!!!!!!!!!!!!!!!!!!

